Using pre-set license
Built from '2020.3/staging' branch; Version is '2020.3.13f1 (71691879b7f5) revision 7432472'; Using compiler version '192528614'; Build Type 'Release'
OS: 'Windows 10 Pro; OS build 19043.1288; Version 2009; 64bit' Language: 'ru' Physical Memory: 8103 MB
BatchMode: 1, IsHumanControllingUs: 0, StartBugReporterOnCrash: 0, Is64bit: 1, IsPro: 0

 COMMAND LINE ARGUMENTS:
C:\Program Files\Unity\Hub\Editor\2020.3.13f1\Editor\Unity.exe
-adb2
-batchMode
-noUpm
-name
AssetImportWorker0
-projectPath
E:/repos/UnityProjects/FCC_MainScene
-logFile
Logs/AssetImportWorker0.log
-srvPort
53231
Successfully changed project path to: E:/repos/UnityProjects/FCC_MainScene
E:/repos/UnityProjects/FCC_MainScene
Using Asset Import Pipeline V2.
Refreshing native plugins compatible for Editor in 58.16 ms, found 2 plugins.
Preloading 0 native plugins for Editor in 0.00 ms.
Initialize engine version: 2020.3.13f1 (71691879b7f5)
[Subsystems] Discovering subsystems at path C:/Program Files/Unity/Hub/Editor/2020.3.13f1/Editor/Data/Resources/UnitySubsystems
[Subsystems] Discovering subsystems at path E:/repos/UnityProjects/FCC_MainScene/Assets
GfxDevice: creating device client; threaded=0
Direct3D:
    Version:  Direct3D 11.0 [level 11.1]
    Renderer: AMD Radeon R9 200 Series (ID=0x67b1)
    Vendor:   
    VRAM:     4071 MB
    Driver:   27.20.20903.8001
Initialize mono
Mono path[0] = 'C:/Program Files/Unity/Hub/Editor/2020.3.13f1/Editor/Data/Managed'
Mono path[1] = 'C:/Program Files/Unity/Hub/Editor/2020.3.13f1/Editor/Data/MonoBleedingEdge/lib/mono/unityjit'
Mono config path = 'C:/Program Files/Unity/Hub/Editor/2020.3.13f1/Editor/Data/MonoBleedingEdge/etc'
Using monoOptions --debugger-agent=transport=dt_socket,embedding=1,server=y,suspend=n,address=127.0.0.1:56364
Begin MonoManager ReloadAssembly
Registering precompiled unity dll's ...
Register platform support module: C:/Program Files/Unity/Hub/Editor/2020.3.13f1/Editor/Data/PlaybackEngines/WindowsStandaloneSupport/UnityEditor.WindowsStandalone.Extensions.dll
Registered in 0.003480 seconds.
Native extension for WindowsStandalone target not found
Refreshing native plugins compatible for Editor in 56.77 ms, found 2 plugins.
Preloading 0 native plugins for Editor in 0.00 ms.
Mono: successfully reloaded assembly
- Completed reload, in  1.964 seconds
Platform modules already initialized, skipping
Registering precompiled user dll's ...
Registered in 0.003527 seconds.
Begin MonoManager ReloadAssembly
Native extension for WindowsStandalone target not found
Refreshing native plugins compatible for Editor in 0.58 ms, found 2 plugins.
Preloading 0 native plugins for Editor in 0.00 ms.
Mono: successfully reloaded assembly
- Completed reload, in  1.768 seconds
Platform modules already initialized, skipping
========================================================================
Worker process is ready to serve import requests
Launched and connected shader compiler UnityShaderCompiler.exe after 0.07 seconds
Refreshing native plugins compatible for Editor in 0.55 ms, found 2 plugins.
Preloading 0 native plugins for Editor in 0.00 ms.
Unloading 1828 Unused Serialized files (Serialized files now loaded: 0)
System memory in use before: 96.0 MB.
System memory in use after: 96.1 MB.

Unloading 74 unused Assets to reduce memory usage. Loaded Objects now: 2280.
Total: 3.433900 ms (FindLiveObjects: 0.315700 ms CreateObjectMapping: 0.091000 ms MarkObjects: 2.788300 ms  DeleteObjects: 0.237400 ms)

AssetImportParameters requested are different than current active one (requested -> active):
  custom:framework-win-MediaFoundation: 216162199b28c13a410421893ffa2e32 -> 
  custom:video-decoder-ogg-theora: a1e56fd34408186e4bbccfd4996cb3dc -> 
  custom:container-muxer-webm: aa71ff27fc2769a1b78a27578f13a17b -> 
  custom:container-demuxer-webm: 4f35f7cbe854078d1ac9338744f61a02 -> 
  custom:container-demuxer-ogg: 62fdf1f143b41e24485cea50d1cbac27 -> 
  custom:video-encoder-webm-vp8: eb34c28f22e8b96e1ab97ce403110664 -> 
  custom:video-decoder-webm-vp8: 9c59270c3fd7afecdb556c50c9e8de78 -> 
  custom:audio-decoder-ogg-vorbis: bf7c407c2cedff20999df2af8eb42d56 -> 
  custom:audio-encoder-webm-vorbis: bf7c407c2cedff20999df2af8eb42d56 -> 
========================================================================
Received Import Request.
  path: Assets/OBJImport/Samples
  artifactKey: Guid(1e292531b556307479437e7763c8b31f) Importer(815301076,1909f56bfc062723c751e8b465ee728b)
Start importing Assets/OBJImport/Samples using Guid(1e292531b556307479437e7763c8b31f) Importer(815301076,1909f56bfc062723c751e8b465ee728b)  -> (artifact id: '37ad8c4f0b71ec15c81592a4672f4a5d') in 0.020629 seconds 
  Import took 0.024182 seconds .

========================================================================
Received Import Request.
  Time since last request: 0.000246 seconds.
  path: Assets/OBJImport/OBJObjectBuilder.cs
  artifactKey: Guid(8242329223027ef40a531fc4dc2efd1c) Importer(815301076,1909f56bfc062723c751e8b465ee728b)
Start importing Assets/OBJImport/OBJObjectBuilder.cs using Guid(8242329223027ef40a531fc4dc2efd1c) Importer(815301076,1909f56bfc062723c751e8b465ee728b)  -> (artifact id: '95d1fc5d2521849504d3c1108d6c828b') in 0.040574 seconds 
  Import took 0.043852 seconds .

========================================================================
Received Import Request.
  Time since last request: 154.191286 seconds.
  path: Assets/OBJImport/OBJLoaderHelper.cs
  artifactKey: Guid(6083f989375f6104aafb31a9e82ee153) Importer(815301076,1909f56bfc062723c751e8b465ee728b)
Start importing Assets/OBJImport/OBJLoaderHelper.cs using Guid(6083f989375f6104aafb31a9e82ee153) Importer(815301076,1909f56bfc062723c751e8b465ee728b)  -> (artifact id: '68cf125bdfe283cde08e8c9ff30dcc40') in 0.012438 seconds 
  Import took 0.016418 seconds .

========================================================================
Received Import Request.
  Time since last request: 1.350394 seconds.
  path: Assets/OBJImport/OBJLoader.cs
  artifactKey: Guid(9951190d0789ee64599dc374c1f81ce5) Importer(815301076,1909f56bfc062723c751e8b465ee728b)
Start importing Assets/OBJImport/OBJLoader.cs using Guid(9951190d0789ee64599dc374c1f81ce5) Importer(815301076,1909f56bfc062723c751e8b465ee728b)  -> (artifact id: 'd65b3f511d8682b9f4c6bc260dd68e22') in 0.012293 seconds 
  Import took 0.016673 seconds .

========================================================================
Received Import Request.
  Time since last request: 3.303033 seconds.
  path: Assets/OBJImport/MTLLoader.cs
  artifactKey: Guid(11b3883c0720fb8409b86b54877b58ea) Importer(815301076,1909f56bfc062723c751e8b465ee728b)
Start importing Assets/OBJImport/MTLLoader.cs using Guid(11b3883c0720fb8409b86b54877b58ea) Importer(815301076,1909f56bfc062723c751e8b465ee728b)  -> (artifact id: 'afe25a0aab0b7fee2d0f16b6e445a954') in 0.023484 seconds 
  Import took 0.027291 seconds .

========================================================================
Received Import Request.
  Time since last request: 0.001988 seconds.
  path: Assets/OBJImport/MTLLoader.cs
  artifactKey: Guid(11b3883c0720fb8409b86b54877b58ea) Importer(815301076,1909f56bfc062723c751e8b465ee728b)
Start importing Assets/OBJImport/MTLLoader.cs using Guid(11b3883c0720fb8409b86b54877b58ea) Importer(815301076,1909f56bfc062723c751e8b465ee728b)  -> (artifact id: 'afe25a0aab0b7fee2d0f16b6e445a954') in 0.004353 seconds 
  Import took 0.007884 seconds .

========================================================================
Received Import Request.
  Time since last request: 94.838020 seconds.
  path: Assets/OBJImport/README.HTML
  artifactKey: Guid(127e58e7a0d489046a128e511967dea8) Importer(815301076,1909f56bfc062723c751e8b465ee728b)
Start importing Assets/OBJImport/README.HTML using Guid(127e58e7a0d489046a128e511967dea8) Importer(815301076,1909f56bfc062723c751e8b465ee728b)  -> (artifact id: '06b6cb41784c7ca7a358989ffd940fa4') in 0.022484 seconds 
  Import took 0.026503 seconds .

========================================================================
Received Import Request.
  Time since last request: 5.877283 seconds.
  path: Assets/OBJImport/TextureLoader
  artifactKey: Guid(ce592b27d670b994b8150b9ddd9fa341) Importer(815301076,1909f56bfc062723c751e8b465ee728b)
Start importing Assets/OBJImport/TextureLoader using Guid(ce592b27d670b994b8150b9ddd9fa341) Importer(815301076,1909f56bfc062723c751e8b465ee728b)  -> (artifact id: '70da5a8c44c92b28bae2aa9938c1e3df') in 0.034709 seconds 
  Import took 0.038679 seconds .

========================================================================
Received Import Request.
  Time since last request: 2.725801 seconds.
  path: Assets/OBJImport/TextureLoader/BinaryExtensions.cs
  artifactKey: Guid(5b61b2ce827ad8842a6812f45f25aaa1) Importer(815301076,1909f56bfc062723c751e8b465ee728b)
Start importing Assets/OBJImport/TextureLoader/BinaryExtensions.cs using Guid(5b61b2ce827ad8842a6812f45f25aaa1) Importer(815301076,1909f56bfc062723c751e8b465ee728b)  -> (artifact id: '420e73e8b8a281476b81b8d47a80fd25') in 0.010930 seconds 
  Import took 0.014612 seconds .

========================================================================
Received Import Request.
  Time since last request: 3.252687 seconds.
  path: Assets/OBJImport/TextureLoader/BMPLoader.cs
  artifactKey: Guid(27d41db6b761bbb4a989566820e47137) Importer(815301076,1909f56bfc062723c751e8b465ee728b)
Start importing Assets/OBJImport/TextureLoader/BMPLoader.cs using Guid(27d41db6b761bbb4a989566820e47137) Importer(815301076,1909f56bfc062723c751e8b465ee728b)  -> (artifact id: '56ba9749550ab6ab4ec8c9e9c21d9202') in 0.009288 seconds 
  Import took 0.013308 seconds .

========================================================================
Received Import Request.
  Time since last request: 0.002292 seconds.
  path: Assets/OBJImport/TextureLoader/BMPLoader.cs
  artifactKey: Guid(27d41db6b761bbb4a989566820e47137) Importer(815301076,1909f56bfc062723c751e8b465ee728b)
Start importing Assets/OBJImport/TextureLoader/BMPLoader.cs using Guid(27d41db6b761bbb4a989566820e47137) Importer(815301076,1909f56bfc062723c751e8b465ee728b)  -> (artifact id: '56ba9749550ab6ab4ec8c9e9c21d9202') in 0.002308 seconds 
  Import took 0.005865 seconds .

========================================================================
Received Import Request.
  Time since last request: 0.437076 seconds.
  path: Assets/OBJImport/TextureLoader/ColorExtensions.cs
  artifactKey: Guid(8034e4bf991d15a4b88970b534ce4a0f) Importer(815301076,1909f56bfc062723c751e8b465ee728b)
Start importing Assets/OBJImport/TextureLoader/ColorExtensions.cs using Guid(8034e4bf991d15a4b88970b534ce4a0f) Importer(815301076,1909f56bfc062723c751e8b465ee728b)  -> (artifact id: '44f638052f6c65a7af3c7ed250da901d') in 0.011939 seconds 
  Import took 0.015841 seconds .

========================================================================
Received Import Request.
  Time since last request: 0.511022 seconds.
  path: Assets/OBJImport/TextureLoader/DDSLoader.cs
  artifactKey: Guid(1f9e65e68712e0f41aae633289ab739e) Importer(815301076,1909f56bfc062723c751e8b465ee728b)
Start importing Assets/OBJImport/TextureLoader/DDSLoader.cs using Guid(1f9e65e68712e0f41aae633289ab739e) Importer(815301076,1909f56bfc062723c751e8b465ee728b)  -> (artifact id: '1bc28a48dbcf301304445a80ec4b796f') in 0.008235 seconds 
  Import took 0.012346 seconds .

========================================================================
Received Import Request.
  Time since last request: 0.482200 seconds.
  path: Assets/OBJImport/TextureLoader/ImageLoader.cs
  artifactKey: Guid(075edea996ccdd6489ad5e1197dd3f67) Importer(815301076,1909f56bfc062723c751e8b465ee728b)
Start importing Assets/OBJImport/TextureLoader/ImageLoader.cs using Guid(075edea996ccdd6489ad5e1197dd3f67) Importer(815301076,1909f56bfc062723c751e8b465ee728b)  -> (artifact id: '4b13cd14aae8b602b1c86adc7dc465e3') in 0.007867 seconds 
  Import took 0.011612 seconds .

========================================================================
Received Import Request.
  Time since last request: 0.514582 seconds.
  path: Assets/OBJImport/TextureLoader/ImageLoaderHelper.cs
  artifactKey: Guid(b8658e22fc9a3c94ab5d8c6460812b69) Importer(815301076,1909f56bfc062723c751e8b465ee728b)
Start importing Assets/OBJImport/TextureLoader/ImageLoaderHelper.cs using Guid(b8658e22fc9a3c94ab5d8c6460812b69) Importer(815301076,1909f56bfc062723c751e8b465ee728b)  -> (artifact id: 'ec8bba5c561f97f7e609d187dc0ca7db') in 0.012797 seconds 
  Import took 0.016487 seconds .

========================================================================
Received Import Request.
  Time since last request: 0.392971 seconds.
  path: Assets/OBJImport/TextureLoader/ImageUtils.cs
  artifactKey: Guid(594f0c9c36902bc4aa1e6fd12ae28fd0) Importer(815301076,1909f56bfc062723c751e8b465ee728b)
Start importing Assets/OBJImport/TextureLoader/ImageUtils.cs using Guid(594f0c9c36902bc4aa1e6fd12ae28fd0) Importer(815301076,1909f56bfc062723c751e8b465ee728b)  -> (artifact id: 'aa3effb4684bdf3b13d319772116c3c4') in 0.009914 seconds 
  Import took 0.014444 seconds .

========================================================================
Received Import Request.
  Time since last request: 0.365390 seconds.
  path: Assets/OBJImport/TextureLoader/TGALoader.cs
  artifactKey: Guid(1b682979498a095418396a690d23c0b0) Importer(815301076,1909f56bfc062723c751e8b465ee728b)
Start importing Assets/OBJImport/TextureLoader/TGALoader.cs using Guid(1b682979498a095418396a690d23c0b0) Importer(815301076,1909f56bfc062723c751e8b465ee728b)  -> (artifact id: '9aaf8554d8d1c9e81ad5bd32b6a8a422') in 0.007890 seconds 
  Import took 0.012130 seconds .

========================================================================
Received Import Request.
  Time since last request: 0.000660 seconds.
  path: Assets/OBJImport/TextureLoader/TGALoader.cs
  artifactKey: Guid(1b682979498a095418396a690d23c0b0) Importer(815301076,1909f56bfc062723c751e8b465ee728b)
Start importing Assets/OBJImport/TextureLoader/TGALoader.cs using Guid(1b682979498a095418396a690d23c0b0) Importer(815301076,1909f56bfc062723c751e8b465ee728b)  -> (artifact id: '9aaf8554d8d1c9e81ad5bd32b6a8a422') in 0.003143 seconds 
  Import took 0.007333 seconds .

========================================================================
Received Import Request.
  Time since last request: 1109.301635 seconds.
  path: Assets/Scrpits/LoadedEquipObject.cs
  artifactKey: Guid(935c1df50d2b3f74a827c35e1b0216dd) Importer(815301076,1909f56bfc062723c751e8b465ee728b)
Start importing Assets/Scrpits/LoadedEquipObject.cs using Guid(935c1df50d2b3f74a827c35e1b0216dd) Importer(815301076,1909f56bfc062723c751e8b465ee728b)  -> (artifact id: 'f1eeab548f3c20d8a4a08a5bcdada4ab') in 0.002691 seconds 
  Import took 0.006545 seconds .

========================================================================
Received Import Request.
  Time since last request: 0.004627 seconds.
  path: Assets/Scrpits/LoadedEquipObject.cs
  artifactKey: Guid(935c1df50d2b3f74a827c35e1b0216dd) Importer(815301076,1909f56bfc062723c751e8b465ee728b)
Start importing Assets/Scrpits/LoadedEquipObject.cs using Guid(935c1df50d2b3f74a827c35e1b0216dd) Importer(815301076,1909f56bfc062723c751e8b465ee728b)  -> (artifact id: 'f1eeab548f3c20d8a4a08a5bcdada4ab') in 0.002290 seconds 
  Import took 0.005463 seconds .

========================================================================
Received Import Request.
  Time since last request: 26.272109 seconds.
  path: Assets/Scrpits/Location.cs
  artifactKey: Guid(f7697c50fbf9fd74da09e90dae1c4b52) Importer(815301076,1909f56bfc062723c751e8b465ee728b)
Start importing Assets/Scrpits/Location.cs using Guid(f7697c50fbf9fd74da09e90dae1c4b52) Importer(815301076,1909f56bfc062723c751e8b465ee728b)  -> (artifact id: '23e5fc8fba1c8ee44b72ca9b0b74806d') in 0.037123 seconds 
  Import took 0.043869 seconds .

========================================================================
Received Import Request.
  Time since last request: 237.168720 seconds.
  path: Assets/Scrpits/Scene.cs
  artifactKey: Guid(125754ad9f806e34e9b22a30c90176d9) Importer(815301076,1909f56bfc062723c751e8b465ee728b)
Start importing Assets/Scrpits/Scene.cs using Guid(125754ad9f806e34e9b22a30c90176d9) Importer(815301076,1909f56bfc062723c751e8b465ee728b)  -> (artifact id: 'c98f0831b6df1e221e122e9cf9694559') in 0.011293 seconds 
  Import took 0.015339 seconds .

AssetImportWorkerClient::OnTransportError - code=2 error=End of file
