Using pre-set license
Built from '2020.3/staging' branch; Version is '2020.3.13f1 (71691879b7f5) revision 7432472'; Using compiler version '192528614'; Build Type 'Release'
OS: 'Windows 10 Pro; OS build 19043.1237; Version 2009; 64bit' Language: 'ru' Physical Memory: 8103 MB
BatchMode: 1, IsHumanControllingUs: 0, StartBugReporterOnCrash: 0, Is64bit: 1, IsPro: 0

 COMMAND LINE ARGUMENTS:
C:\Program Files\Unity\Hub\Editor\2020.3.13f1\Editor\Unity.exe
-adb2
-batchMode
-noUpm
-name
AssetImportWorker0
-projectPath
E:/repos/UnityProjects/FCC_MainScene
-logFile
Logs/AssetImportWorker0.log
-srvPort
49778
Successfully changed project path to: E:/repos/UnityProjects/FCC_MainScene
E:/repos/UnityProjects/FCC_MainScene
Using Asset Import Pipeline V2.
Refreshing native plugins compatible for Editor in 55.00 ms, found 2 plugins.
Preloading 0 native plugins for Editor in 0.00 ms.
Initialize engine version: 2020.3.13f1 (71691879b7f5)
[Subsystems] Discovering subsystems at path C:/Program Files/Unity/Hub/Editor/2020.3.13f1/Editor/Data/Resources/UnitySubsystems
[Subsystems] Discovering subsystems at path E:/repos/UnityProjects/FCC_MainScene/Assets
GfxDevice: creating device client; threaded=0
Direct3D:
    Version:  Direct3D 11.0 [level 11.1]
    Renderer: AMD Radeon R9 200 Series (ID=0x67b1)
    Vendor:   
    VRAM:     4071 MB
    Driver:   27.20.20903.8001
Initialize mono
Mono path[0] = 'C:/Program Files/Unity/Hub/Editor/2020.3.13f1/Editor/Data/Managed'
Mono path[1] = 'C:/Program Files/Unity/Hub/Editor/2020.3.13f1/Editor/Data/MonoBleedingEdge/lib/mono/unityjit'
Mono config path = 'C:/Program Files/Unity/Hub/Editor/2020.3.13f1/Editor/Data/MonoBleedingEdge/etc'
Using monoOptions --debugger-agent=transport=dt_socket,embedding=1,server=y,suspend=n,address=127.0.0.1:56640
Begin MonoManager ReloadAssembly
Registering precompiled unity dll's ...
Register platform support module: C:/Program Files/Unity/Hub/Editor/2020.3.13f1/Editor/Data/PlaybackEngines/WindowsStandaloneSupport/UnityEditor.WindowsStandalone.Extensions.dll
Registered in 0.003717 seconds.
Native extension for WindowsStandalone target not found
Refreshing native plugins compatible for Editor in 52.76 ms, found 2 plugins.
Preloading 0 native plugins for Editor in 0.00 ms.
Mono: successfully reloaded assembly
- Completed reload, in  1.741 seconds
Platform modules already initialized, skipping
Registering precompiled user dll's ...
Registered in 0.005089 seconds.
Begin MonoManager ReloadAssembly
Native extension for WindowsStandalone target not found
Refreshing native plugins compatible for Editor in 0.60 ms, found 2 plugins.
Preloading 0 native plugins for Editor in 0.00 ms.
Mono: successfully reloaded assembly
- Completed reload, in  1.653 seconds
Platform modules already initialized, skipping
========================================================================
Worker process is ready to serve import requests
Launched and connected shader compiler UnityShaderCompiler.exe after 0.06 seconds
Refreshing native plugins compatible for Editor in 0.55 ms, found 2 plugins.
Preloading 0 native plugins for Editor in 0.00 ms.
Unloading 1780 Unused Serialized files (Serialized files now loaded: 0)
System memory in use before: 94.6 MB.
System memory in use after: 94.6 MB.

Unloading 19 unused Assets to reduce memory usage. Loaded Objects now: 2236.
Total: 3.150200 ms (FindLiveObjects: 0.292900 ms CreateObjectMapping: 0.086600 ms MarkObjects: 2.558100 ms  DeleteObjects: 0.211200 ms)

AssetImportParameters requested are different than current active one (requested -> active):
  custom:framework-win-MediaFoundation: 216162199b28c13a410421893ffa2e32 -> 
  custom:video-decoder-ogg-theora: a1e56fd34408186e4bbccfd4996cb3dc -> 
  custom:container-muxer-webm: aa71ff27fc2769a1b78a27578f13a17b -> 
  custom:container-demuxer-webm: 4f35f7cbe854078d1ac9338744f61a02 -> 
  custom:container-demuxer-ogg: 62fdf1f143b41e24485cea50d1cbac27 -> 
  custom:video-encoder-webm-vp8: eb34c28f22e8b96e1ab97ce403110664 -> 
  custom:video-decoder-webm-vp8: 9c59270c3fd7afecdb556c50c9e8de78 -> 
  custom:audio-decoder-ogg-vorbis: bf7c407c2cedff20999df2af8eb42d56 -> 
  custom:audio-encoder-webm-vorbis: bf7c407c2cedff20999df2af8eb42d56 -> 
========================================================================
Received Import Request.
  path: Assets/356976-admin.jpg
  artifactKey: Guid(fdb75da0dec26d845bd0b5d7b8c09c28) Importer(815301076,1909f56bfc062723c751e8b465ee728b)
Start importing Assets/356976-admin.jpg using Guid(fdb75da0dec26d845bd0b5d7b8c09c28) Importer(815301076,1909f56bfc062723c751e8b465ee728b)  -> (artifact id: '757501f9b7e6c6842f966464a0f14126') in 0.129461 seconds 
  Import took 0.149792 seconds .

========================================================================
Received Import Request.
  Time since last request: 36.489260 seconds.
  path: Packages/com.unity.probuilder/Addons/Unity.ProBuilder.AddOns.Editor.asmdef
  artifactKey: Guid(2cfd637d8bffa4f3ebad425f3bdd33a2) Importer(815301076,1909f56bfc062723c751e8b465ee728b)
Start importing Packages/com.unity.probuilder/Addons/Unity.ProBuilder.AddOns.Editor.asmdef using Guid(2cfd637d8bffa4f3ebad425f3bdd33a2) Importer(815301076,1909f56bfc062723c751e8b465ee728b)  -> (artifact id: '1a7737a9bf8f9a8af28b342cacb94bff') in 0.016005 seconds 
  Import took 0.033903 seconds .

========================================================================
Received Import Request.
  Time since last request: 2.296310 seconds.
  path: Packages/com.unity.probuilder/AssetIdRemapUtility/Editor
  artifactKey: Guid(274744740648f42a19d3e77602101b06) Importer(815301076,1909f56bfc062723c751e8b465ee728b)
Start importing Packages/com.unity.probuilder/AssetIdRemapUtility/Editor using Guid(274744740648f42a19d3e77602101b06) Importer(815301076,1909f56bfc062723c751e8b465ee728b)  -> (artifact id: '044b649b2b03dfbb421911fe5a650e69') in 0.011362 seconds 
  Import took 0.031743 seconds .

========================================================================
Received Import Request.
  Time since last request: 0.042949 seconds.
  path: Packages/com.unity.probuilder/AssetIdRemapUtility/Editor/Unity.ProBuilder.AssetIdRemapUtility.asmdef
  artifactKey: Guid(9caa7e155cb0648da84dca829b17620f) Importer(815301076,1909f56bfc062723c751e8b465ee728b)
Start importing Packages/com.unity.probuilder/AssetIdRemapUtility/Editor/Unity.ProBuilder.AssetIdRemapUtility.asmdef using Guid(9caa7e155cb0648da84dca829b17620f) Importer(815301076,1909f56bfc062723c751e8b465ee728b)  -> (artifact id: '18cf79a207554a2a4481a0b24eddae17') in 0.009635 seconds 
  Import took 0.022474 seconds .

========================================================================
Received Import Request.
  Time since last request: 1.439686 seconds.
  path: Packages/com.unity.probuilder/Runtime/Unity.ProBuilder.asmdef
  artifactKey: Guid(1826c0224c0d048b88112c79bbb0cd85) Importer(815301076,1909f56bfc062723c751e8b465ee728b)
Start importing Packages/com.unity.probuilder/Runtime/Unity.ProBuilder.asmdef using Guid(1826c0224c0d048b88112c79bbb0cd85) Importer(815301076,1909f56bfc062723c751e8b465ee728b)  -> (artifact id: '97f3fbbcf2018eb95e1a3f8c39ab1703') in 0.013468 seconds 
  Import took 0.036696 seconds .

========================================================================
Received Import Request.
  Time since last request: 85.626007 seconds.
  path: Packages/com.unity.probuilder/Content/Material/Textures/GridBox_Collider.png
  artifactKey: Guid(7e4b97337334f42d2a700647fd938234) Importer(815301076,1909f56bfc062723c751e8b465ee728b)
Start importing Packages/com.unity.probuilder/Content/Material/Textures/GridBox_Collider.png using Guid(7e4b97337334f42d2a700647fd938234) Importer(815301076,1909f56bfc062723c751e8b465ee728b)  -> (artifact id: 'fece353e4096bf5e8ba37960825dcd83') in 0.022695 seconds 
  Import took 0.033162 seconds .

========================================================================
Received Import Request.
  Time since last request: 0.001285 seconds.
  path: Packages/com.unity.probuilder/Content/Material/Textures/GridBox_Collider.png
  artifactKey: Guid(7e4b97337334f42d2a700647fd938234) Importer(815301076,1909f56bfc062723c751e8b465ee728b)
Start importing Packages/com.unity.probuilder/Content/Material/Textures/GridBox_Collider.png using Guid(7e4b97337334f42d2a700647fd938234) Importer(815301076,1909f56bfc062723c751e8b465ee728b)  -> (artifact id: 'fece353e4096bf5e8ba37960825dcd83') in 0.018766 seconds 
  Import took 0.022825 seconds .

========================================================================
Received Import Request.
  Time since last request: 472.306400 seconds.
  path: Assets/Materials/asphalt-10.mat
  artifactKey: Guid(4a8156ce0223f3d4681a7a6f90084b38) Importer(815301076,1909f56bfc062723c751e8b465ee728b)
Start importing Assets/Materials/asphalt-10.mat using Guid(4a8156ce0223f3d4681a7a6f90084b38) Importer(815301076,1909f56bfc062723c751e8b465ee728b)  -> (artifact id: '4b3394cd8e8471f460c7c7fe857c16ca') in 0.121977 seconds 
  Import took 0.138486 seconds .

========================================================================
Received Import Request.
  Time since last request: 0.000218 seconds.
  path: Assets/Materials/depositphotos_101979128-stock-illustration-hazard-background-vector-illustration.mat
  artifactKey: Guid(cd07092623447f1479f81e548769469f) Importer(815301076,1909f56bfc062723c751e8b465ee728b)
Start importing Assets/Materials/depositphotos_101979128-stock-illustration-hazard-background-vector-illustration.mat using Guid(cd07092623447f1479f81e548769469f) Importer(815301076,1909f56bfc062723c751e8b465ee728b)  -> (artifact id: '08fcb0f8490b795b15784e9adc1b0c08') in 0.017257 seconds 
  Import took 0.031790 seconds .

========================================================================
Received Import Request.
  Time since last request: 1.107671 seconds.
  path: Assets/Scenes/NewLayer.terrainlayer
  artifactKey: Guid(2d9c434ce6a0b214c8701b4edc35d86d) Importer(815301076,1909f56bfc062723c751e8b465ee728b)
Start importing Assets/Scenes/NewLayer.terrainlayer using Guid(2d9c434ce6a0b214c8701b4edc35d86d) Importer(815301076,1909f56bfc062723c751e8b465ee728b)  -> (artifact id: 'c781b02069ff3e38d7708e8a5645e379') in 0.021664 seconds 
  Import took 0.040852 seconds .

========================================================================
Received Import Request.
  Time since last request: 1.353115 seconds.
  path: Assets/ProBuilder Data/Default Color Palette.asset
  artifactKey: Guid(3dd5b50045ba38f4a8d7576f734e9c4e) Importer(815301076,1909f56bfc062723c751e8b465ee728b)
Start importing Assets/ProBuilder Data/Default Color Palette.asset using Guid(3dd5b50045ba38f4a8d7576f734e9c4e) Importer(815301076,1909f56bfc062723c751e8b465ee728b)  -> (artifact id: '27f9a6107eb8b5acf886865f7a90a588') in 0.013051 seconds 
  Import took 0.018005 seconds .

========================================================================
Received Import Request.
  Time since last request: 4.937727 seconds.
  path: Assets/1200px-Flag_yellow_black_5x3.svg.png
  artifactKey: Guid(d1a1345886da137448339ebd6f159f2f) Importer(815301076,1909f56bfc062723c751e8b465ee728b)
Start importing Assets/1200px-Flag_yellow_black_5x3.svg.png using Guid(d1a1345886da137448339ebd6f159f2f) Importer(815301076,1909f56bfc062723c751e8b465ee728b)  -> (artifact id: '48e7e4a536784ab5595952e776c4f22f') in 0.036839 seconds 
  Import took 0.047786 seconds .

========================================================================
Received Import Request.
  Time since last request: 336.677535 seconds.
  path: Assets/Materials/1200px-Flag_yellow_black_5x3.svg.mat
  artifactKey: Guid(3dc91cd4852ab6c4caf34ed257520d31) Importer(815301076,1909f56bfc062723c751e8b465ee728b)
Start importing Assets/Materials/1200px-Flag_yellow_black_5x3.svg.mat using Guid(3dc91cd4852ab6c4caf34ed257520d31) Importer(815301076,1909f56bfc062723c751e8b465ee728b)  -> (artifact id: 'b424cd4017f7e7b3a792ff15beb38dd5') in 0.028211 seconds 
  Import took 0.039250 seconds .

========================================================================
Received Import Request.
  Time since last request: 370.327794 seconds.
  path: Assets/Scenes/NewLayer.terrainlayer
  artifactKey: Guid(2d9c434ce6a0b214c8701b4edc35d86d) Importer(815301076,1909f56bfc062723c751e8b465ee728b)
Start importing Assets/Scenes/NewLayer.terrainlayer using Guid(2d9c434ce6a0b214c8701b4edc35d86d) Importer(815301076,1909f56bfc062723c751e8b465ee728b)  -> (artifact id: '6ed58cec0c17ea6d65b49e2a9638c53c') in 0.015181 seconds 
  Import took 0.033550 seconds .

========================================================================
Received Import Request.
  Time since last request: 5403.058020 seconds.
  path: Assets
  artifactKey: Guid(00000000000000001000000000000000) Importer(815301076,1909f56bfc062723c751e8b465ee728b)
Start importing Assets using Guid(00000000000000001000000000000000) Importer(815301076,1909f56bfc062723c751e8b465ee728b)  -> (artifact id: '42d402b061de3733987d63b9cc3b64de') in 0.010996 seconds 
  Import took 0.062538 seconds .

========================================================================
Received Import Request.
  Time since last request: 9.183167 seconds.
  path: Assets/NewBehaviourScript.cs
  artifactKey: Guid(175a818e7edf41b479201eb2b7a85837) Importer(815301076,1909f56bfc062723c751e8b465ee728b)
Start importing Assets/NewBehaviourScript.cs using Guid(175a818e7edf41b479201eb2b7a85837) Importer(815301076,1909f56bfc062723c751e8b465ee728b)  -> (artifact id: 'a3a2b72837c17a2fa3d1f6d14bb9a3f0') in 0.019251 seconds 
  Import took 0.023369 seconds .

========================================================================
Received Prepare
Registering precompiled user dll's ...
Registered in 0.031943 seconds.
Begin MonoManager ReloadAssembly
Native extension for WindowsStandalone target not found
Refreshing native plugins compatible for Editor in 0.66 ms, found 2 plugins.
Preloading 0 native plugins for Editor in 0.00 ms.
Mono: successfully reloaded assembly
- Completed reload, in  1.686 seconds
Platform modules already initialized, skipping
Refreshing native plugins compatible for Editor in 0.56 ms, found 2 plugins.
Preloading 0 native plugins for Editor in 0.00 ms.
Unloading 1752 Unused Serialized files (Serialized files now loaded: 0)
System memory in use before: 95.5 MB.
System memory in use after: 95.6 MB.

Unloading 14 unused Assets to reduce memory usage. Loaded Objects now: 2284.
Total: 3.390000 ms (FindLiveObjects: 0.342600 ms CreateObjectMapping: 0.085500 ms MarkObjects: 2.652000 ms  DeleteObjects: 0.308600 ms)

AssetImportParameters requested are different than current active one (requested -> active):
  custom:framework-win-MediaFoundation: 216162199b28c13a410421893ffa2e32 -> 
  custom:video-decoder-ogg-theora: a1e56fd34408186e4bbccfd4996cb3dc -> 
  custom:container-muxer-webm: aa71ff27fc2769a1b78a27578f13a17b -> 
  custom:container-demuxer-webm: 4f35f7cbe854078d1ac9338744f61a02 -> 
  custom:container-demuxer-ogg: 62fdf1f143b41e24485cea50d1cbac27 -> 
  custom:video-encoder-webm-vp8: eb34c28f22e8b96e1ab97ce403110664 -> 
  custom:video-decoder-webm-vp8: 9c59270c3fd7afecdb556c50c9e8de78 -> 
  custom:audio-decoder-ogg-vorbis: bf7c407c2cedff20999df2af8eb42d56 -> 
  custom:audio-encoder-webm-vorbis: bf7c407c2cedff20999df2af8eb42d56 -> 
========================================================================
Received Import Request.
  Time since last request: 22.019924 seconds.
  path: Assets/MivableCamera.cs
  artifactKey: Guid(175a818e7edf41b479201eb2b7a85837) Importer(815301076,1909f56bfc062723c751e8b465ee728b)
Start importing Assets/MivableCamera.cs using Guid(175a818e7edf41b479201eb2b7a85837) Importer(815301076,1909f56bfc062723c751e8b465ee728b)  -> (artifact id: '7fe09bcb3a3920371d90964fc151c4ac') in 0.012577 seconds 
  Import took 0.027896 seconds .

========================================================================
Received Import Request.
  Time since last request: 0.000917 seconds.
  path: Assets/MivableCamera.cs
  artifactKey: Guid(175a818e7edf41b479201eb2b7a85837) Importer(815301076,1909f56bfc062723c751e8b465ee728b)
Start importing Assets/MivableCamera.cs using Guid(175a818e7edf41b479201eb2b7a85837) Importer(815301076,1909f56bfc062723c751e8b465ee728b)  -> (artifact id: '7fe09bcb3a3920371d90964fc151c4ac') in 0.003426 seconds 
  Import took 0.007103 seconds .

========================================================================
Received Prepare
Registering precompiled user dll's ...
Registered in 0.004266 seconds.
Begin MonoManager ReloadAssembly
Native extension for WindowsStandalone target not found
Refreshing native plugins compatible for Editor in 0.59 ms, found 2 plugins.
Preloading 0 native plugins for Editor in 0.00 ms.
Mono: successfully reloaded assembly
- Completed reload, in  1.488 seconds
Platform modules already initialized, skipping
Refreshing native plugins compatible for Editor in 0.57 ms, found 2 plugins.
Preloading 0 native plugins for Editor in 0.00 ms.
Unloading 1752 Unused Serialized files (Serialized files now loaded: 0)
System memory in use before: 95.6 MB.
System memory in use after: 95.6 MB.

Unloading 14 unused Assets to reduce memory usage. Loaded Objects now: 2287.
Total: 2.784600 ms (FindLiveObjects: 0.301800 ms CreateObjectMapping: 0.085700 ms MarkObjects: 2.234900 ms  DeleteObjects: 0.161000 ms)

AssetImportParameters requested are different than current active one (requested -> active):
  custom:framework-win-MediaFoundation: 216162199b28c13a410421893ffa2e32 -> 
  custom:video-decoder-ogg-theora: a1e56fd34408186e4bbccfd4996cb3dc -> 
  custom:container-muxer-webm: aa71ff27fc2769a1b78a27578f13a17b -> 
  custom:container-demuxer-webm: 4f35f7cbe854078d1ac9338744f61a02 -> 
  custom:container-demuxer-ogg: 62fdf1f143b41e24485cea50d1cbac27 -> 
  custom:video-encoder-webm-vp8: eb34c28f22e8b96e1ab97ce403110664 -> 
  custom:video-decoder-webm-vp8: 9c59270c3fd7afecdb556c50c9e8de78 -> 
  custom:audio-decoder-ogg-vorbis: bf7c407c2cedff20999df2af8eb42d56 -> 
  custom:audio-encoder-webm-vorbis: bf7c407c2cedff20999df2af8eb42d56 -> 
========================================================================
Received Import Request.
  Time since last request: 9.585418 seconds.
  path: Assets/MovableCamera.cs
  artifactKey: Guid(175a818e7edf41b479201eb2b7a85837) Importer(815301076,1909f56bfc062723c751e8b465ee728b)
Start importing Assets/MovableCamera.cs using Guid(175a818e7edf41b479201eb2b7a85837) Importer(815301076,1909f56bfc062723c751e8b465ee728b)  -> (artifact id: 'a0b5c6bca6e51de060620240082f17c9') in 0.012598 seconds 
  Import took 0.023996 seconds .

========================================================================
Received Prepare
Registering precompiled user dll's ...
Registered in 0.004313 seconds.
Begin MonoManager ReloadAssembly
Native extension for WindowsStandalone target not found
Refreshing native plugins compatible for Editor in 0.62 ms, found 2 plugins.
Preloading 0 native plugins for Editor in 0.00 ms.
Mono: successfully reloaded assembly
- Completed reload, in  1.607 seconds
Platform modules already initialized, skipping
Refreshing native plugins compatible for Editor in 0.61 ms, found 2 plugins.
Preloading 0 native plugins for Editor in 0.00 ms.
Unloading 1752 Unused Serialized files (Serialized files now loaded: 0)
System memory in use before: 95.6 MB.
System memory in use after: 95.7 MB.

Unloading 14 unused Assets to reduce memory usage. Loaded Objects now: 2290.
Total: 3.084700 ms (FindLiveObjects: 0.334900 ms CreateObjectMapping: 0.119400 ms MarkObjects: 2.452400 ms  DeleteObjects: 0.176200 ms)

AssetImportParameters requested are different than current active one (requested -> active):
  custom:framework-win-MediaFoundation: 216162199b28c13a410421893ffa2e32 -> 
  custom:video-decoder-ogg-theora: a1e56fd34408186e4bbccfd4996cb3dc -> 
  custom:container-muxer-webm: aa71ff27fc2769a1b78a27578f13a17b -> 
  custom:container-demuxer-webm: 4f35f7cbe854078d1ac9338744f61a02 -> 
  custom:container-demuxer-ogg: 62fdf1f143b41e24485cea50d1cbac27 -> 
  custom:video-encoder-webm-vp8: eb34c28f22e8b96e1ab97ce403110664 -> 
  custom:video-decoder-webm-vp8: 9c59270c3fd7afecdb556c50c9e8de78 -> 
  custom:audio-decoder-ogg-vorbis: bf7c407c2cedff20999df2af8eb42d56 -> 
  custom:audio-encoder-webm-vorbis: bf7c407c2cedff20999df2af8eb42d56 -> 
========================================================================
Received Prepare
Registering precompiled user dll's ...
Registered in 0.004297 seconds.
Begin MonoManager ReloadAssembly
Native extension for WindowsStandalone target not found
Refreshing native plugins compatible for Editor in 0.58 ms, found 2 plugins.
Preloading 0 native plugins for Editor in 0.00 ms.
Mono: successfully reloaded assembly
- Completed reload, in  1.488 seconds
Platform modules already initialized, skipping
Refreshing native plugins compatible for Editor in 0.58 ms, found 2 plugins.
Preloading 0 native plugins for Editor in 0.00 ms.
Unloading 1752 Unused Serialized files (Serialized files now loaded: 0)
System memory in use before: 95.6 MB.
System memory in use after: 95.7 MB.

Unloading 14 unused Assets to reduce memory usage. Loaded Objects now: 2293.
Total: 3.163500 ms (FindLiveObjects: 0.325900 ms CreateObjectMapping: 0.086100 ms MarkObjects: 2.578700 ms  DeleteObjects: 0.171200 ms)

AssetImportParameters requested are different than current active one (requested -> active):
  custom:framework-win-MediaFoundation: 216162199b28c13a410421893ffa2e32 -> 
  custom:video-decoder-ogg-theora: a1e56fd34408186e4bbccfd4996cb3dc -> 
  custom:container-muxer-webm: aa71ff27fc2769a1b78a27578f13a17b -> 
  custom:container-demuxer-webm: 4f35f7cbe854078d1ac9338744f61a02 -> 
  custom:container-demuxer-ogg: 62fdf1f143b41e24485cea50d1cbac27 -> 
  custom:video-encoder-webm-vp8: eb34c28f22e8b96e1ab97ce403110664 -> 
  custom:video-decoder-webm-vp8: 9c59270c3fd7afecdb556c50c9e8de78 -> 
  custom:audio-decoder-ogg-vorbis: bf7c407c2cedff20999df2af8eb42d56 -> 
  custom:audio-encoder-webm-vorbis: bf7c407c2cedff20999df2af8eb42d56 -> 
========================================================================
Received Import Request.
  Time since last request: 132.226867 seconds.
  path: Assets/MovableCamera.cs
  artifactKey: Guid(175a818e7edf41b479201eb2b7a85837) Importer(815301076,1909f56bfc062723c751e8b465ee728b)
Start importing Assets/MovableCamera.cs using Guid(175a818e7edf41b479201eb2b7a85837) Importer(815301076,1909f56bfc062723c751e8b465ee728b)  -> (artifact id: '2c9753c66ed97c8750d1998ae8f895b0') in 0.006487 seconds 
  Import took 0.057963 seconds .

========================================================================
Received Prepare
Registering precompiled user dll's ...
Registered in 0.004372 seconds.
Begin MonoManager ReloadAssembly
Native extension for WindowsStandalone target not found
Refreshing native plugins compatible for Editor in 0.71 ms, found 2 plugins.
Preloading 0 native plugins for Editor in 0.00 ms.
Mono: successfully reloaded assembly
- Completed reload, in  1.660 seconds
Platform modules already initialized, skipping
Refreshing native plugins compatible for Editor in 0.80 ms, found 2 plugins.
Preloading 0 native plugins for Editor in 0.00 ms.
Unloading 1752 Unused Serialized files (Serialized files now loaded: 0)
System memory in use before: 95.6 MB.
System memory in use after: 95.7 MB.

Unloading 14 unused Assets to reduce memory usage. Loaded Objects now: 2296.
Total: 2.838300 ms (FindLiveObjects: 0.301900 ms CreateObjectMapping: 0.087300 ms MarkObjects: 2.284500 ms  DeleteObjects: 0.163300 ms)

AssetImportParameters requested are different than current active one (requested -> active):
  custom:framework-win-MediaFoundation: 216162199b28c13a410421893ffa2e32 -> 
  custom:video-decoder-ogg-theora: a1e56fd34408186e4bbccfd4996cb3dc -> 
  custom:container-muxer-webm: aa71ff27fc2769a1b78a27578f13a17b -> 
  custom:container-demuxer-webm: 4f35f7cbe854078d1ac9338744f61a02 -> 
  custom:container-demuxer-ogg: 62fdf1f143b41e24485cea50d1cbac27 -> 
  custom:video-encoder-webm-vp8: eb34c28f22e8b96e1ab97ce403110664 -> 
  custom:video-decoder-webm-vp8: 9c59270c3fd7afecdb556c50c9e8de78 -> 
  custom:audio-decoder-ogg-vorbis: bf7c407c2cedff20999df2af8eb42d56 -> 
  custom:audio-encoder-webm-vorbis: bf7c407c2cedff20999df2af8eb42d56 -> 
========================================================================
Received Import Request.
  Time since last request: 262.502235 seconds.
  path: Packages/com.unity.probuilder/Content/Material/Checker.mat
  artifactKey: Guid(4717b199010ca4cb3a8a7a465ec457d2) Importer(815301076,1909f56bfc062723c751e8b465ee728b)
Start importing Packages/com.unity.probuilder/Content/Material/Checker.mat using Guid(4717b199010ca4cb3a8a7a465ec457d2) Importer(815301076,1909f56bfc062723c751e8b465ee728b)  -> (artifact id: '1e9cc05b182fa831cd6c3345592eb77b') in 0.156442 seconds 
  Import took 0.171887 seconds .

========================================================================
Received Import Request.
  Time since last request: 0.000270 seconds.
  path: Packages/com.unity.progrids/Font/Asap-Medium-ProGrids.otf
  artifactKey: Guid(8c2220bd5fd560c4297e93c4c66a2ba8) Importer(815301076,1909f56bfc062723c751e8b465ee728b)
Start importing Packages/com.unity.progrids/Font/Asap-Medium-ProGrids.otf using Guid(8c2220bd5fd560c4297e93c4c66a2ba8) Importer(815301076,1909f56bfc062723c751e8b465ee728b)  -> (artifact id: '2de11280cf9a24e66c51882d334b82cd') in 0.078246 seconds 
  Import took 0.123400 seconds .

========================================================================
Received Import Request.
  Time since last request: 0.000228 seconds.
  path: Packages/com.unity.progrids/Font/Asap-Regular-ProGrids.otf
  artifactKey: Guid(79008363f1983ec4088c4588c6f0a7aa) Importer(815301076,1909f56bfc062723c751e8b465ee728b)
Start importing Packages/com.unity.progrids/Font/Asap-Regular-ProGrids.otf using Guid(79008363f1983ec4088c4588c6f0a7aa) Importer(815301076,1909f56bfc062723c751e8b465ee728b)  -> (artifact id: '5e4743bf22453b7d23f0ea384d0b07cc') in 0.035240 seconds 
  Import took 0.054046 seconds .

========================================================================
Received Prepare
Registering precompiled user dll's ...
Registered in 0.004445 seconds.
Begin MonoManager ReloadAssembly
Native extension for WindowsStandalone target not found
Refreshing native plugins compatible for Editor in 0.64 ms, found 2 plugins.
Preloading 0 native plugins for Editor in 0.00 ms.
Mono: successfully reloaded assembly
- Completed reload, in  1.549 seconds
Platform modules already initialized, skipping
Refreshing native plugins compatible for Editor in 0.59 ms, found 2 plugins.
Preloading 0 native plugins for Editor in 0.00 ms.
Unloading 1775 Unused Serialized files (Serialized files now loaded: 0)
System memory in use before: 96.4 MB.
System memory in use after: 96.4 MB.

Unloading 14 unused Assets to reduce memory usage. Loaded Objects now: 2327.
Total: 2.908800 ms (FindLiveObjects: 0.357000 ms CreateObjectMapping: 0.089200 ms MarkObjects: 2.299600 ms  DeleteObjects: 0.161600 ms)

AssetImportParameters requested are different than current active one (requested -> active):
  custom:framework-win-MediaFoundation: 216162199b28c13a410421893ffa2e32 -> 
  custom:video-decoder-ogg-theora: a1e56fd34408186e4bbccfd4996cb3dc -> 
  custom:container-muxer-webm: aa71ff27fc2769a1b78a27578f13a17b -> 
  custom:container-demuxer-webm: 4f35f7cbe854078d1ac9338744f61a02 -> 
  custom:container-demuxer-ogg: 62fdf1f143b41e24485cea50d1cbac27 -> 
  custom:video-encoder-webm-vp8: eb34c28f22e8b96e1ab97ce403110664 -> 
  custom:video-decoder-webm-vp8: 9c59270c3fd7afecdb556c50c9e8de78 -> 
  custom:audio-decoder-ogg-vorbis: bf7c407c2cedff20999df2af8eb42d56 -> 
  custom:audio-encoder-webm-vorbis: bf7c407c2cedff20999df2af8eb42d56 -> 
========================================================================
Received Import Request.
  Time since last request: 67.256413 seconds.
  path: Assets/GridMap/Textures/Black_Red_Yellow_Green.png
  artifactKey: Guid(e2453aeee6dfbe04bbf9d5a0dbb73872) Importer(815301076,1909f56bfc062723c751e8b465ee728b)
Start importing Assets/GridMap/Textures/Black_Red_Yellow_Green.png using Guid(e2453aeee6dfbe04bbf9d5a0dbb73872) Importer(815301076,1909f56bfc062723c751e8b465ee728b)  -> (artifact id: '0f57c9e9e784e57c106ffdc53e8223cc') in 0.068255 seconds 
  Import took 0.085200 seconds .

========================================================================
Received Import Request.
  Time since last request: 0.000258 seconds.
  path: Assets/GridMap/Textures/BlackRedYellowGreen.mat
  artifactKey: Guid(b4e0b58746a6da647950be81b666106c) Importer(815301076,1909f56bfc062723c751e8b465ee728b)
Start importing Assets/GridMap/Textures/BlackRedYellowGreen.mat using Guid(b4e0b58746a6da647950be81b666106c) Importer(815301076,1909f56bfc062723c751e8b465ee728b)  -> (artifact id: '9bf92064bd84c3208d7685a3ee4ad332') in 0.098398 seconds 
  Import took 0.123027 seconds .

========================================================================
Received Import Request.
  Time since last request: 10.171219 seconds.
  path: Assets/_/Base/BaseScripts/GameHandler_Setup.cs
  artifactKey: Guid(f6da68fdbc29104498109291ab000b24) Importer(815301076,1909f56bfc062723c751e8b465ee728b)
Start importing Assets/_/Base/BaseScripts/GameHandler_Setup.cs using Guid(f6da68fdbc29104498109291ab000b24) Importer(815301076,1909f56bfc062723c751e8b465ee728b)  -> (artifact id: 'fe7087e7f747c955116e636e0f969997') in 0.007797 seconds 
  Import took 0.011455 seconds .

========================================================================
Received Import Request.
  Time since last request: 0.046898 seconds.
  path: Assets/_/Base/BaseScripts/GameHandler_Setup.cs
  artifactKey: Guid(f6da68fdbc29104498109291ab000b24) Importer(815301076,1909f56bfc062723c751e8b465ee728b)
Start importing Assets/_/Base/BaseScripts/GameHandler_Setup.cs using Guid(f6da68fdbc29104498109291ab000b24) Importer(815301076,1909f56bfc062723c751e8b465ee728b)  -> (artifact id: 'fe7087e7f747c955116e636e0f969997') in 0.002352 seconds 
  Import took 0.006125 seconds .

========================================================================
Received Import Request.
  Time since last request: 23.303640 seconds.
  path: Assets/_/Stuff/CodeMonkey/Assets/Circle.psd
  artifactKey: Guid(e63e5c0479e18114094563df8d6400f3) Importer(815301076,1909f56bfc062723c751e8b465ee728b)
Start importing Assets/_/Stuff/CodeMonkey/Assets/Circle.psd using Guid(e63e5c0479e18114094563df8d6400f3) Importer(815301076,1909f56bfc062723c751e8b465ee728b)  -> (artifact id: 'a69cc8b4e0851f02a3376aa319f65d0d') in 0.018173 seconds 
  Import took 0.045306 seconds .

========================================================================
Received Import Request.
  Time since last request: 0.000280 seconds.
  path: Assets/_/Stuff/CodeMonkey/Assets/White_1x1.psd
  artifactKey: Guid(c33871c8638eb4c41bfb4577f3b58627) Importer(815301076,1909f56bfc062723c751e8b465ee728b)
Start importing Assets/_/Stuff/CodeMonkey/Assets/White_1x1.psd using Guid(c33871c8638eb4c41bfb4577f3b58627) Importer(815301076,1909f56bfc062723c751e8b465ee728b)  -> (artifact id: 'ce5ee145455d58fc6c739e214997b340') in 0.014790 seconds 
  Import took 0.022955 seconds .

========================================================================
Received Import Request.
  Time since last request: 0.000226 seconds.
  path: Assets/_/Stuff/CodeMonkey/Assets/White_1x1.mat
  artifactKey: Guid(7d5e8e2c082a4c44a9abd7d650cf0a15) Importer(815301076,1909f56bfc062723c751e8b465ee728b)
Start importing Assets/_/Stuff/CodeMonkey/Assets/White_1x1.mat using Guid(7d5e8e2c082a4c44a9abd7d650cf0a15) Importer(815301076,1909f56bfc062723c751e8b465ee728b)  -> (artifact id: 'b37c7b838cf131b124113508cbb6cc62') in 0.011746 seconds 
  Import took 0.018259 seconds .

========================================================================
Received Import Request.
  Time since last request: 2.649012 seconds.
  path: Assets/_/Stuff/CodeMonkey/MonoBehaviours/CameraFollow.cs
  artifactKey: Guid(f73a3eab49f30d344a207d7d3d931d98) Importer(815301076,1909f56bfc062723c751e8b465ee728b)
Start importing Assets/_/Stuff/CodeMonkey/MonoBehaviours/CameraFollow.cs using Guid(f73a3eab49f30d344a207d7d3d931d98) Importer(815301076,1909f56bfc062723c751e8b465ee728b)  -> (artifact id: 'f91d2a472b8049e6e3d8be235fef52a4') in 0.009353 seconds 
  Import took 0.013046 seconds .

========================================================================
Received Import Request.
  Time since last request: 38.542992 seconds.
  path: Assets/_/Stuff/CodeMonkey/MonoBehaviours/ComponentActions.cs
  artifactKey: Guid(cb3e855e7fda2944b91078893f9e8fd8) Importer(815301076,1909f56bfc062723c751e8b465ee728b)
Start importing Assets/_/Stuff/CodeMonkey/MonoBehaviours/ComponentActions.cs using Guid(cb3e855e7fda2944b91078893f9e8fd8) Importer(815301076,1909f56bfc062723c751e8b465ee728b)  -> (artifact id: 'ab4452d5d1114ec3d435d14045b1ca31') in 0.008080 seconds 
  Import took 0.011919 seconds .

========================================================================
Received Import Request.
  Time since last request: 0.001710 seconds.
  path: Assets/_/Stuff/CodeMonkey/MonoBehaviours/ComponentActions.cs
  artifactKey: Guid(cb3e855e7fda2944b91078893f9e8fd8) Importer(815301076,1909f56bfc062723c751e8b465ee728b)
Start importing Assets/_/Stuff/CodeMonkey/MonoBehaviours/ComponentActions.cs using Guid(cb3e855e7fda2944b91078893f9e8fd8) Importer(815301076,1909f56bfc062723c751e8b465ee728b)  -> (artifact id: 'ab4452d5d1114ec3d435d14045b1ca31') in 0.002453 seconds 
  Import took 0.005770 seconds .

========================================================================
Received Prepare
Registering precompiled user dll's ...
Registered in 0.004666 seconds.
Begin MonoManager ReloadAssembly
Native extension for WindowsStandalone target not found
Refreshing native plugins compatible for Editor in 0.58 ms, found 2 plugins.
Preloading 0 native plugins for Editor in 0.00 ms.
Mono: successfully reloaded assembly
- Completed reload, in  1.505 seconds
Platform modules already initialized, skipping
Refreshing native plugins compatible for Editor in 0.58 ms, found 2 plugins.
Preloading 0 native plugins for Editor in 0.00 ms.
Unloading 1775 Unused Serialized files (Serialized files now loaded: 0)
System memory in use before: 96.4 MB.
System memory in use after: 96.5 MB.

Unloading 14 unused Assets to reduce memory usage. Loaded Objects now: 2337.
Total: 2.848900 ms (FindLiveObjects: 0.329800 ms CreateObjectMapping: 0.085700 ms MarkObjects: 2.270600 ms  DeleteObjects: 0.161200 ms)

AssetImportParameters requested are different than current active one (requested -> active):
  custom:framework-win-MediaFoundation: 216162199b28c13a410421893ffa2e32 -> 
  custom:video-decoder-ogg-theora: a1e56fd34408186e4bbccfd4996cb3dc -> 
  custom:container-muxer-webm: aa71ff27fc2769a1b78a27578f13a17b -> 
  custom:container-demuxer-webm: 4f35f7cbe854078d1ac9338744f61a02 -> 
  custom:container-demuxer-ogg: 62fdf1f143b41e24485cea50d1cbac27 -> 
  custom:video-encoder-webm-vp8: eb34c28f22e8b96e1ab97ce403110664 -> 
  custom:video-decoder-webm-vp8: 9c59270c3fd7afecdb556c50c9e8de78 -> 
  custom:audio-decoder-ogg-vorbis: bf7c407c2cedff20999df2af8eb42d56 -> 
  custom:audio-encoder-webm-vorbis: bf7c407c2cedff20999df2af8eb42d56 -> 
========================================================================
Received Import Request.
  Time since last request: 69.866919 seconds.
  path: Assets/_/Stuff/CodeMonkey/MonoBehaviours/PositionRendererSorter.cs
  artifactKey: Guid(b330b302c69005c4f98a928f7d71b877) Importer(815301076,1909f56bfc062723c751e8b465ee728b)
Start importing Assets/_/Stuff/CodeMonkey/MonoBehaviours/PositionRendererSorter.cs using Guid(b330b302c69005c4f98a928f7d71b877) Importer(815301076,1909f56bfc062723c751e8b465ee728b)  -> (artifact id: '5068c9229e3bb0d22f629e86a83dc238') in 0.012149 seconds 
  Import took 0.046232 seconds .

========================================================================
Received Import Request.
  Time since last request: 1.318442 seconds.
  path: Assets/_/Stuff/CodeMonkey/Resources/CodeMonkeyAssets.prefab
  artifactKey: Guid(6cb9ffb1fe7e89d4a890b91c62fa7e8b) Importer(815301076,1909f56bfc062723c751e8b465ee728b)
Start importing Assets/_/Stuff/CodeMonkey/Resources/CodeMonkeyAssets.prefab using Guid(6cb9ffb1fe7e89d4a890b91c62fa7e8b) Importer(815301076,1909f56bfc062723c751e8b465ee728b)  -> (artifact id: 'c189b4f9aaca3c8268eed83fe638a357') in 0.036072 seconds 
  Import took 0.047834 seconds .

========================================================================
Received Import Request.
  Time since last request: 4.863491 seconds.
  path: Assets/GridMap/Scripts/Grid.cs
  artifactKey: Guid(8576d293bd091e64aa057b3e951af0fb) Importer(815301076,1909f56bfc062723c751e8b465ee728b)
Start importing Assets/GridMap/Scripts/Grid.cs using Guid(8576d293bd091e64aa057b3e951af0fb) Importer(815301076,1909f56bfc062723c751e8b465ee728b)  -> (artifact id: 'a360986c0d893194dd3cd2ec88abaeba') in 0.010059 seconds 
  Import took 0.014261 seconds .

========================================================================
Received Import Request.
  Time since last request: 0.001354 seconds.
  path: Assets/GridMap/Scripts/Grid.cs
  artifactKey: Guid(8576d293bd091e64aa057b3e951af0fb) Importer(815301076,1909f56bfc062723c751e8b465ee728b)
Start importing Assets/GridMap/Scripts/Grid.cs using Guid(8576d293bd091e64aa057b3e951af0fb) Importer(815301076,1909f56bfc062723c751e8b465ee728b)  -> (artifact id: 'a360986c0d893194dd3cd2ec88abaeba') in 0.002515 seconds 
  Import took 0.006394 seconds .

========================================================================
Received Import Request.
  Time since last request: 36.425957 seconds.
  path: Assets/Scenes/Main.unity
  artifactKey: Guid(9fc0d4010bbf28b4594072e72b8655ab) Importer(815301076,1909f56bfc062723c751e8b465ee728b)
Start importing Assets/Scenes/Main.unity using Guid(9fc0d4010bbf28b4594072e72b8655ab) Importer(815301076,1909f56bfc062723c751e8b465ee728b)  -> (artifact id: 'e37a1f04434ce927db2ecaab84eec19b') in 0.008220 seconds 
  Import took 0.034593 seconds .

========================================================================
Received Import Request.
  Time since last request: 42.458415 seconds.
  path: Assets/Scenes/Main.unity
  artifactKey: Guid(9fc0d4010bbf28b4594072e72b8655ab) Importer(815301076,1909f56bfc062723c751e8b465ee728b)
Start importing Assets/Scenes/Main.unity using Guid(9fc0d4010bbf28b4594072e72b8655ab) Importer(815301076,1909f56bfc062723c751e8b465ee728b)  -> (artifact id: '256868416f2c2ebf3df22cb122a230a5') in 0.003033 seconds 
  Import took 0.006900 seconds .

========================================================================
Received Import Request.
  Time since last request: 21.668749 seconds.
  path: Assets/GridMap/Textures
  artifactKey: Guid(bad577db97414ee4fabc2bbbb53d9878) Importer(815301076,1909f56bfc062723c751e8b465ee728b)
Start importing Assets/GridMap/Textures using Guid(bad577db97414ee4fabc2bbbb53d9878) Importer(815301076,1909f56bfc062723c751e8b465ee728b)  -> (artifact id: '4357e73bb1c2343850430763d9974053') in 0.008055 seconds 
  Import took 0.038854 seconds .

========================================================================
Received Import Request.
  Time since last request: 6.325092 seconds.
  path: Assets/GridMap/GameScene_GridMap.unity
  artifactKey: Guid(d7a08e41e24183a40b803c850a1790b0) Importer(815301076,1909f56bfc062723c751e8b465ee728b)
Start importing Assets/GridMap/GameScene_GridMap.unity using Guid(d7a08e41e24183a40b803c850a1790b0) Importer(815301076,1909f56bfc062723c751e8b465ee728b)  -> (artifact id: '577bd91c88d992746517e3fd6d356d7c') in 0.008895 seconds 
  Import took 0.017379 seconds .

========================================================================
Received Prepare
Registering precompiled user dll's ...
Registered in 0.004376 seconds.
Begin MonoManager ReloadAssembly
Native extension for WindowsStandalone target not found
Refreshing native plugins compatible for Editor in 0.59 ms, found 2 plugins.
Preloading 0 native plugins for Editor in 0.00 ms.
Mono: successfully reloaded assembly
- Completed reload, in  1.468 seconds
Platform modules already initialized, skipping
Refreshing native plugins compatible for Editor in 0.59 ms, found 2 plugins.
Preloading 0 native plugins for Editor in 0.00 ms.
Unloading 1775 Unused Serialized files (Serialized files now loaded: 0)
System memory in use before: 96.5 MB.
System memory in use after: 96.6 MB.

Unloading 14 unused Assets to reduce memory usage. Loaded Objects now: 2340.
Total: 2.780600 ms (FindLiveObjects: 0.308000 ms CreateObjectMapping: 0.091000 ms MarkObjects: 2.218700 ms  DeleteObjects: 0.161800 ms)

AssetImportParameters requested are different than current active one (requested -> active):
  custom:framework-win-MediaFoundation: 216162199b28c13a410421893ffa2e32 -> 
  custom:video-decoder-ogg-theora: a1e56fd34408186e4bbccfd4996cb3dc -> 
  custom:container-muxer-webm: aa71ff27fc2769a1b78a27578f13a17b -> 
  custom:container-demuxer-webm: 4f35f7cbe854078d1ac9338744f61a02 -> 
  custom:container-demuxer-ogg: 62fdf1f143b41e24485cea50d1cbac27 -> 
  custom:video-encoder-webm-vp8: eb34c28f22e8b96e1ab97ce403110664 -> 
  custom:video-decoder-webm-vp8: 9c59270c3fd7afecdb556c50c9e8de78 -> 
  custom:audio-decoder-ogg-vorbis: bf7c407c2cedff20999df2af8eb42d56 -> 
  custom:audio-encoder-webm-vorbis: bf7c407c2cedff20999df2af8eb42d56 -> 
========================================================================
Received Import Request.
  Time since last request: 110.047969 seconds.
  path: Assets/New Folder
  artifactKey: Guid(feaef2dc1807efa428b667ed41d80435) Importer(815301076,1909f56bfc062723c751e8b465ee728b)
Start importing Assets/New Folder using Guid(feaef2dc1807efa428b667ed41d80435) Importer(815301076,1909f56bfc062723c751e8b465ee728b)  -> (artifact id: '25224daf5c1de4e76e311b0410060980') in 0.011227 seconds 
  Import took 0.014833 seconds .

========================================================================
Received Import Request.
  Time since last request: 18.793218 seconds.
  path: Assets/Scrpits
  artifactKey: Guid(feaef2dc1807efa428b667ed41d80435) Importer(815301076,1909f56bfc062723c751e8b465ee728b)
Start importing Assets/Scrpits using Guid(feaef2dc1807efa428b667ed41d80435) Importer(815301076,1909f56bfc062723c751e8b465ee728b)  -> (artifact id: 'fb179d3114799a1885a486b4c74986df') in 0.008123 seconds 
  Import took 0.018767 seconds .

AssetImportWorkerClient::OnTransportError - code=2 error=End of file
